[0.083s] DEBUG:colcon:Command line arguments: ['/usr/bin/colcon', 'build']
[0.083s] DEBUG:colcon:Parsed command line arguments: Namespace(log_base=None, log_level=None, verb_name='build', build_base='build', install_base='install', merge_install=False, symlink_install=False, test_result_base=None, continue_on_error=False, executor='parallel', parallel_workers=16, event_handlers=None, ignore_user_meta=False, metas=['./colcon.meta'], base_paths=['.'], packages_ignore=None, packages_ignore_regex=None, paths=None, packages_up_to=None, packages_up_to_regex=None, packages_above=None, packages_above_and_dependencies=None, packages_above_depth=None, packages_select_by_dep=None, packages_skip_by_dep=None, packages_skip_up_to=None, packages_select_build_failed=False, packages_skip_build_finished=False, packages_select_test_failures=False, packages_skip_test_passed=False, packages_select=None, packages_skip=None, packages_select_regex=None, packages_skip_regex=None, packages_start=None, packages_end=None, allow_overriding=[], cmake_args=None, cmake_target=None, cmake_target_skip_unavailable=False, cmake_clean_cache=False, cmake_clean_first=False, cmake_force_configure=False, ament_cmake_args=None, catkin_cmake_args=None, catkin_skip_building_tests=False, verb_parser=<colcon_defaults.argument_parser.defaults.DefaultArgumentsDecorator object at 0x7042685c2fb0>, verb_extension=<colcon_core.verb.build.BuildVerb object at 0x7042687703d0>, main=<bound method BuildVerb.main of <colcon_core.verb.build.BuildVerb object at 0x7042687703d0>>)
[0.236s] Level 1:colcon.colcon_core.package_discovery:discover_packages(colcon_meta) check parameters
[0.236s] Level 1:colcon.colcon_core.package_discovery:discover_packages(recursive) check parameters
[0.236s] Level 1:colcon.colcon_core.package_discovery:discover_packages(ignore) check parameters
[0.236s] Level 1:colcon.colcon_core.package_discovery:discover_packages(path) check parameters
[0.236s] Level 1:colcon.colcon_core.package_discovery:discover_packages(colcon_meta) discover
[0.236s] Level 1:colcon.colcon_core.package_discovery:discover_packages(recursive) discover
[0.236s] INFO:colcon.colcon_core.package_discovery:Crawling recursively for packages in '/home/austin/Documents/f1tenth/sim_ws/src'
[0.236s] Level 1:colcon.colcon_core.package_identification:_identify(.) by extensions ['ignore', 'ignore_ament_install']
[0.236s] Level 1:colcon.colcon_core.package_identification:_identify(.) by extension 'ignore'
[0.236s] Level 1:colcon.colcon_core.package_identification:_identify(.) by extension 'ignore_ament_install'
[0.236s] Level 1:colcon.colcon_core.package_identification:_identify(.) by extensions ['colcon_pkg']
[0.237s] Level 1:colcon.colcon_core.package_identification:_identify(.) by extension 'colcon_pkg'
[0.237s] Level 1:colcon.colcon_core.package_identification:_identify(.) by extensions ['colcon_meta']
[0.237s] Level 1:colcon.colcon_core.package_identification:_identify(.) by extension 'colcon_meta'
[0.237s] Level 1:colcon.colcon_core.package_identification:_identify(.) by extensions ['ros']
[0.237s] Level 1:colcon.colcon_core.package_identification:_identify(.) by extension 'ros'
[0.244s] Level 1:colcon.colcon_core.package_identification:_identify(.) by extensions ['cmake', 'python']
[0.244s] Level 1:colcon.colcon_core.package_identification:_identify(.) by extension 'cmake'
[0.244s] Level 1:colcon.colcon_core.package_identification:_identify(.) by extension 'python'
[0.244s] Level 1:colcon.colcon_core.package_identification:_identify(.) by extensions ['python_setup_py']
[0.244s] Level 1:colcon.colcon_core.package_identification:_identify(.) by extension 'python_setup_py'
[0.244s] Level 1:colcon.colcon_core.package_identification:_identify(build) by extensions ['ignore', 'ignore_ament_install']
[0.245s] Level 1:colcon.colcon_core.package_identification:_identify(build) by extension 'ignore'
[0.245s] Level 1:colcon.colcon_core.package_identification:_identify(build) ignored
[0.245s] Level 1:colcon.colcon_core.package_identification:_identify(f1tenth_gym_ros) by extensions ['ignore', 'ignore_ament_install']
[0.245s] Level 1:colcon.colcon_core.package_identification:_identify(f1tenth_gym_ros) by extension 'ignore'
[0.245s] Level 1:colcon.colcon_core.package_identification:_identify(f1tenth_gym_ros) by extension 'ignore_ament_install'
[0.245s] Level 1:colcon.colcon_core.package_identification:_identify(f1tenth_gym_ros) by extensions ['colcon_pkg']
[0.245s] Level 1:colcon.colcon_core.package_identification:_identify(f1tenth_gym_ros) by extension 'colcon_pkg'
[0.245s] Level 1:colcon.colcon_core.package_identification:_identify(f1tenth_gym_ros) by extensions ['colcon_meta']
[0.245s] Level 1:colcon.colcon_core.package_identification:_identify(f1tenth_gym_ros) by extension 'colcon_meta'
[0.245s] Level 1:colcon.colcon_core.package_identification:_identify(f1tenth_gym_ros) by extensions ['ros']
[0.245s] Level 1:colcon.colcon_core.package_identification:_identify(f1tenth_gym_ros) by extension 'ros'
[0.247s] DEBUG:colcon.colcon_core.package_identification:Package 'f1tenth_gym_ros' with type 'ros.ament_python' and name 'f1tenth_gym_ros'
[0.247s] Level 1:colcon.colcon_core.package_identification:_identify(install) by extensions ['ignore', 'ignore_ament_install']
[0.247s] Level 1:colcon.colcon_core.package_identification:_identify(install) by extension 'ignore'
[0.247s] Level 1:colcon.colcon_core.package_identification:_identify(install) ignored
[0.247s] Level 1:colcon.colcon_core.package_identification:_identify(log) by extensions ['ignore', 'ignore_ament_install']
[0.247s] Level 1:colcon.colcon_core.package_identification:_identify(log) by extension 'ignore'
[0.247s] Level 1:colcon.colcon_core.package_identification:_identify(log) ignored
[0.247s] Level 1:colcon.colcon_core.package_identification:_identify(safety_node) by extensions ['ignore', 'ignore_ament_install']
[0.247s] Level 1:colcon.colcon_core.package_identification:_identify(safety_node) by extension 'ignore'
[0.247s] Level 1:colcon.colcon_core.package_identification:_identify(safety_node) by extension 'ignore_ament_install'
[0.247s] Level 1:colcon.colcon_core.package_identification:_identify(safety_node) by extensions ['colcon_pkg']
[0.247s] Level 1:colcon.colcon_core.package_identification:_identify(safety_node) by extension 'colcon_pkg'
[0.247s] Level 1:colcon.colcon_core.package_identification:_identify(safety_node) by extensions ['colcon_meta']
[0.247s] Level 1:colcon.colcon_core.package_identification:_identify(safety_node) by extension 'colcon_meta'
[0.247s] Level 1:colcon.colcon_core.package_identification:_identify(safety_node) by extensions ['ros']
[0.247s] Level 1:colcon.colcon_core.package_identification:_identify(safety_node) by extension 'ros'
[0.248s] DEBUG:colcon.colcon_core.package_identification:Package 'safety_node' with type 'ros.ament_cmake' and name 'safety_node'
[0.248s] Level 1:colcon.colcon_core.package_identification:_identify(wall_follow) by extensions ['ignore', 'ignore_ament_install']
[0.248s] Level 1:colcon.colcon_core.package_identification:_identify(wall_follow) by extension 'ignore'
[0.248s] Level 1:colcon.colcon_core.package_identification:_identify(wall_follow) by extension 'ignore_ament_install'
[0.248s] Level 1:colcon.colcon_core.package_identification:_identify(wall_follow) by extensions ['colcon_pkg']
[0.248s] Level 1:colcon.colcon_core.package_identification:_identify(wall_follow) by extension 'colcon_pkg'
[0.248s] Level 1:colcon.colcon_core.package_identification:_identify(wall_follow) by extensions ['colcon_meta']
[0.248s] Level 1:colcon.colcon_core.package_identification:_identify(wall_follow) by extension 'colcon_meta'
[0.249s] Level 1:colcon.colcon_core.package_identification:_identify(wall_follow) by extensions ['ros']
[0.249s] Level 1:colcon.colcon_core.package_identification:_identify(wall_follow) by extension 'ros'
[0.249s] DEBUG:colcon.colcon_core.package_identification:Package 'wall_follow' with type 'ros.ament_cmake' and name 'wall_follow'
[0.249s] Level 1:colcon.colcon_core.package_discovery:discover_packages(recursive) using defaults
[0.249s] Level 1:colcon.colcon_core.package_discovery:discover_packages(ignore) discover
[0.249s] Level 1:colcon.colcon_core.package_discovery:discover_packages(ignore) using defaults
[0.249s] Level 1:colcon.colcon_core.package_discovery:discover_packages(path) discover
[0.249s] Level 1:colcon.colcon_core.package_discovery:discover_packages(path) using defaults
[0.266s] Level 1:colcon.colcon_core.package_discovery:discover_packages(prefix_path) check parameters
[0.266s] Level 1:colcon.colcon_core.package_discovery:discover_packages(prefix_path) discover
[0.268s] DEBUG:colcon.colcon_installed_package_information.package_discovery:Found 282 installed packages in /opt/ros/humble
[0.273s] Level 1:colcon.colcon_core.package_discovery:discover_packages(prefix_path) using defaults
[0.295s] Level 5:colcon.colcon_core.verb:set package 'f1tenth_gym_ros' build argument 'cmake_args' from command line to 'None'
[0.295s] Level 5:colcon.colcon_core.verb:set package 'f1tenth_gym_ros' build argument 'cmake_target' from command line to 'None'
[0.295s] Level 5:colcon.colcon_core.verb:set package 'f1tenth_gym_ros' build argument 'cmake_target_skip_unavailable' from command line to 'False'
[0.295s] Level 5:colcon.colcon_core.verb:set package 'f1tenth_gym_ros' build argument 'cmake_clean_cache' from command line to 'False'
[0.295s] Level 5:colcon.colcon_core.verb:set package 'f1tenth_gym_ros' build argument 'cmake_clean_first' from command line to 'False'
[0.295s] Level 5:colcon.colcon_core.verb:set package 'f1tenth_gym_ros' build argument 'cmake_force_configure' from command line to 'False'
[0.295s] Level 5:colcon.colcon_core.verb:set package 'f1tenth_gym_ros' build argument 'ament_cmake_args' from command line to 'None'
[0.295s] Level 5:colcon.colcon_core.verb:set package 'f1tenth_gym_ros' build argument 'catkin_cmake_args' from command line to 'None'
[0.295s] Level 5:colcon.colcon_core.verb:set package 'f1tenth_gym_ros' build argument 'catkin_skip_building_tests' from command line to 'False'
[0.295s] DEBUG:colcon.colcon_core.verb:Building package 'f1tenth_gym_ros' with the following arguments: {'ament_cmake_args': None, 'build_base': '/home/austin/Documents/f1tenth/sim_ws/src/build/f1tenth_gym_ros', 'catkin_cmake_args': None, 'catkin_skip_building_tests': False, 'cmake_args': None, 'cmake_clean_cache': False, 'cmake_clean_first': False, 'cmake_force_configure': False, 'cmake_target': None, 'cmake_target_skip_unavailable': False, 'install_base': '/home/austin/Documents/f1tenth/sim_ws/src/install/f1tenth_gym_ros', 'merge_install': False, 'path': '/home/austin/Documents/f1tenth/sim_ws/src/f1tenth_gym_ros', 'symlink_install': False, 'test_result_base': None}
[0.295s] Level 5:colcon.colcon_core.verb:set package 'safety_node' build argument 'cmake_args' from command line to 'None'
[0.295s] Level 5:colcon.colcon_core.verb:set package 'safety_node' build argument 'cmake_target' from command line to 'None'
[0.295s] Level 5:colcon.colcon_core.verb:set package 'safety_node' build argument 'cmake_target_skip_unavailable' from command line to 'False'
[0.295s] Level 5:colcon.colcon_core.verb:set package 'safety_node' build argument 'cmake_clean_cache' from command line to 'False'
[0.295s] Level 5:colcon.colcon_core.verb:set package 'safety_node' build argument 'cmake_clean_first' from command line to 'False'
[0.295s] Level 5:colcon.colcon_core.verb:set package 'safety_node' build argument 'cmake_force_configure' from command line to 'False'
[0.295s] Level 5:colcon.colcon_core.verb:set package 'safety_node' build argument 'ament_cmake_args' from command line to 'None'
[0.295s] Level 5:colcon.colcon_core.verb:set package 'safety_node' build argument 'catkin_cmake_args' from command line to 'None'
[0.295s] Level 5:colcon.colcon_core.verb:set package 'safety_node' build argument 'catkin_skip_building_tests' from command line to 'False'
[0.295s] DEBUG:colcon.colcon_core.verb:Building package 'safety_node' with the following arguments: {'ament_cmake_args': None, 'build_base': '/home/austin/Documents/f1tenth/sim_ws/src/build/safety_node', 'catkin_cmake_args': None, 'catkin_skip_building_tests': False, 'cmake_args': None, 'cmake_clean_cache': False, 'cmake_clean_first': False, 'cmake_force_configure': False, 'cmake_target': None, 'cmake_target_skip_unavailable': False, 'install_base': '/home/austin/Documents/f1tenth/sim_ws/src/install/safety_node', 'merge_install': False, 'path': '/home/austin/Documents/f1tenth/sim_ws/src/safety_node', 'symlink_install': False, 'test_result_base': None}
[0.296s] Level 5:colcon.colcon_core.verb:set package 'wall_follow' build argument 'cmake_args' from command line to 'None'
[0.296s] Level 5:colcon.colcon_core.verb:set package 'wall_follow' build argument 'cmake_target' from command line to 'None'
[0.296s] Level 5:colcon.colcon_core.verb:set package 'wall_follow' build argument 'cmake_target_skip_unavailable' from command line to 'False'
[0.296s] Level 5:colcon.colcon_core.verb:set package 'wall_follow' build argument 'cmake_clean_cache' from command line to 'False'
[0.296s] Level 5:colcon.colcon_core.verb:set package 'wall_follow' build argument 'cmake_clean_first' from command line to 'False'
[0.296s] Level 5:colcon.colcon_core.verb:set package 'wall_follow' build argument 'cmake_force_configure' from command line to 'False'
[0.296s] Level 5:colcon.colcon_core.verb:set package 'wall_follow' build argument 'ament_cmake_args' from command line to 'None'
[0.296s] Level 5:colcon.colcon_core.verb:set package 'wall_follow' build argument 'catkin_cmake_args' from command line to 'None'
[0.296s] Level 5:colcon.colcon_core.verb:set package 'wall_follow' build argument 'catkin_skip_building_tests' from command line to 'False'
[0.296s] DEBUG:colcon.colcon_core.verb:Building package 'wall_follow' with the following arguments: {'ament_cmake_args': None, 'build_base': '/home/austin/Documents/f1tenth/sim_ws/src/build/wall_follow', 'catkin_cmake_args': None, 'catkin_skip_building_tests': False, 'cmake_args': None, 'cmake_clean_cache': False, 'cmake_clean_first': False, 'cmake_force_configure': False, 'cmake_target': None, 'cmake_target_skip_unavailable': False, 'install_base': '/home/austin/Documents/f1tenth/sim_ws/src/install/wall_follow', 'merge_install': False, 'path': '/home/austin/Documents/f1tenth/sim_ws/src/wall_follow', 'symlink_install': False, 'test_result_base': None}
[0.296s] INFO:colcon.colcon_core.executor:Executing jobs using 'parallel' executor
[0.297s] DEBUG:colcon.colcon_parallel_executor.executor.parallel:run_until_complete
[0.297s] INFO:colcon.colcon_ros.task.ament_python.build:Building ROS package in '/home/austin/Documents/f1tenth/sim_ws/src/f1tenth_gym_ros' with build type 'ament_python'
[0.297s] Level 1:colcon.colcon_core.shell:create_environment_hook('f1tenth_gym_ros', 'ament_prefix_path')
[0.299s] INFO:colcon.colcon_core.plugin_system:Skipping extension 'colcon_core.shell.bat': Not used on non-Windows systems
[0.299s] INFO:colcon.colcon_core.shell:Creating environment hook '/home/austin/Documents/f1tenth/sim_ws/src/install/f1tenth_gym_ros/share/f1tenth_gym_ros/hook/ament_prefix_path.ps1'
[0.300s] INFO:colcon.colcon_core.shell:Creating environment descriptor '/home/austin/Documents/f1tenth/sim_ws/src/install/f1tenth_gym_ros/share/f1tenth_gym_ros/hook/ament_prefix_path.dsv'
[0.300s] INFO:colcon.colcon_core.shell:Creating environment hook '/home/austin/Documents/f1tenth/sim_ws/src/install/f1tenth_gym_ros/share/f1tenth_gym_ros/hook/ament_prefix_path.sh'
[0.301s] INFO:colcon.colcon_core.shell:Skip shell extension 'powershell' for command environment: Not usable outside of PowerShell
[0.301s] DEBUG:colcon.colcon_core.shell:Skip shell extension 'dsv' for command environment
[0.303s] INFO:colcon.colcon_ros.task.ament_cmake.build:Building ROS package in '/home/austin/Documents/f1tenth/sim_ws/src/safety_node' with build type 'ament_cmake'
[0.303s] INFO:colcon.colcon_cmake.task.cmake.build:Building CMake package in '/home/austin/Documents/f1tenth/sim_ws/src/safety_node'
[0.303s] INFO:colcon.colcon_core.shell:Skip shell extension 'powershell' for command environment: Not usable outside of PowerShell
[0.303s] DEBUG:colcon.colcon_core.shell:Skip shell extension 'dsv' for command environment
[0.305s] INFO:colcon.colcon_ros.task.ament_cmake.build:Building ROS package in '/home/austin/Documents/f1tenth/sim_ws/src/wall_follow' with build type 'ament_cmake'
[0.305s] INFO:colcon.colcon_cmake.task.cmake.build:Building CMake package in '/home/austin/Documents/f1tenth/sim_ws/src/wall_follow'
[0.305s] INFO:colcon.colcon_core.shell:Skip shell extension 'powershell' for command environment: Not usable outside of PowerShell
[0.305s] DEBUG:colcon.colcon_core.shell:Skip shell extension 'dsv' for command environment
[0.474s] INFO:colcon.colcon_core.task.python.build:Building Python package in '/home/austin/Documents/f1tenth/sim_ws/src/f1tenth_gym_ros'
[0.474s] INFO:colcon.colcon_core.shell:Skip shell extension 'powershell' for command environment: Not usable outside of PowerShell
[0.474s] DEBUG:colcon.colcon_core.shell:Skip shell extension 'dsv' for command environment
[0.481s] DEBUG:colcon.colcon_core.event_handler.log_command:Invoking command in '/home/austin/Documents/f1tenth/sim_ws/src/build/safety_node': CMAKE_PREFIX_PATH=/opt/ros/humble CONDA_PROMPT_MODIFIER=(base) /usr/bin/cmake /home/austin/Documents/f1tenth/sim_ws/src/safety_node -DCMAKE_INSTALL_PREFIX=/home/austin/Documents/f1tenth/sim_ws/src/install/safety_node
[0.482s] DEBUG:colcon.colcon_core.event_handler.log_command:Invoking command in '/home/austin/Documents/f1tenth/sim_ws/src/build/wall_follow': CMAKE_PREFIX_PATH=/opt/ros/humble CONDA_PROMPT_MODIFIER=(base) /usr/bin/cmake /home/austin/Documents/f1tenth/sim_ws/src/wall_follow -DCMAKE_INSTALL_PREFIX=/home/austin/Documents/f1tenth/sim_ws/src/install/wall_follow
[0.761s] DEBUG:colcon.colcon_core.event_handler.log_command:Invoking command in '/home/austin/Documents/f1tenth/sim_ws/src/f1tenth_gym_ros': CONDA_PROMPT_MODIFIER=(base) PYTHONPATH=/home/austin/Documents/f1tenth/sim_ws/src/build/f1tenth_gym_ros/prefix_override:/usr/lib/python3/dist-packages/colcon_core/task/python/colcon_distutils_commands:/home/austin/Documents/f1tenth/sim_ws/src/install/f1tenth_gym_ros/lib/python3.10/site-packages:${PYTHONPATH} /usr/bin/python3 -W ignore:setup.py install is deprecated -W ignore:easy_install command is deprecated setup.py egg_info --egg-base ../build/f1tenth_gym_ros build --build-base /home/austin/Documents/f1tenth/sim_ws/src/build/f1tenth_gym_ros/build install --record /home/austin/Documents/f1tenth/sim_ws/src/build/f1tenth_gym_ros/install.log --install-scripts $base/lib/f1tenth_gym_ros --single-version-externally-managed install_data
[0.982s] DEBUG:colcon.colcon_core.event_handler.log_command:Invoked command in '/home/austin/Documents/f1tenth/sim_ws/src/f1tenth_gym_ros' returned '0': CONDA_PROMPT_MODIFIER=(base) PYTHONPATH=/home/austin/Documents/f1tenth/sim_ws/src/build/f1tenth_gym_ros/prefix_override:/usr/lib/python3/dist-packages/colcon_core/task/python/colcon_distutils_commands:/home/austin/Documents/f1tenth/sim_ws/src/install/f1tenth_gym_ros/lib/python3.10/site-packages:${PYTHONPATH} /usr/bin/python3 -W ignore:setup.py install is deprecated -W ignore:easy_install command is deprecated setup.py egg_info --egg-base ../build/f1tenth_gym_ros build --build-base /home/austin/Documents/f1tenth/sim_ws/src/build/f1tenth_gym_ros/build install --record /home/austin/Documents/f1tenth/sim_ws/src/build/f1tenth_gym_ros/install.log --install-scripts $base/lib/f1tenth_gym_ros --single-version-externally-managed install_data
[0.986s] Level 1:colcon.colcon_core.environment:checking '/home/austin/Documents/f1tenth/sim_ws/src/install/f1tenth_gym_ros' for CMake module files
[0.986s] Level 1:colcon.colcon_core.environment:checking '/home/austin/Documents/f1tenth/sim_ws/src/install/f1tenth_gym_ros' for CMake config files
[0.987s] Level 1:colcon.colcon_core.environment:checking '/home/austin/Documents/f1tenth/sim_ws/src/install/f1tenth_gym_ros/lib'
[0.987s] Level 1:colcon.colcon_core.environment:checking '/home/austin/Documents/f1tenth/sim_ws/src/install/f1tenth_gym_ros/bin'
[0.987s] Level 1:colcon.colcon_core.environment:checking '/home/austin/Documents/f1tenth/sim_ws/src/install/f1tenth_gym_ros/lib/pkgconfig/f1tenth_gym_ros.pc'
[0.987s] Level 1:colcon.colcon_core.environment:checking '/home/austin/Documents/f1tenth/sim_ws/src/install/f1tenth_gym_ros/lib/python3.10/site-packages'
[0.987s] Level 1:colcon.colcon_core.shell:create_environment_hook('f1tenth_gym_ros', 'pythonpath')
[0.987s] INFO:colcon.colcon_core.shell:Creating environment hook '/home/austin/Documents/f1tenth/sim_ws/src/install/f1tenth_gym_ros/share/f1tenth_gym_ros/hook/pythonpath.ps1'
[0.988s] INFO:colcon.colcon_core.shell:Creating environment descriptor '/home/austin/Documents/f1tenth/sim_ws/src/install/f1tenth_gym_ros/share/f1tenth_gym_ros/hook/pythonpath.dsv'
[0.988s] INFO:colcon.colcon_core.shell:Creating environment hook '/home/austin/Documents/f1tenth/sim_ws/src/install/f1tenth_gym_ros/share/f1tenth_gym_ros/hook/pythonpath.sh'
[0.988s] Level 1:colcon.colcon_core.environment:checking '/home/austin/Documents/f1tenth/sim_ws/src/install/f1tenth_gym_ros/bin'
[0.988s] Level 1:colcon.colcon_core.environment:create_environment_scripts_only(f1tenth_gym_ros)
[0.989s] INFO:colcon.colcon_core.shell:Creating package script '/home/austin/Documents/f1tenth/sim_ws/src/install/f1tenth_gym_ros/share/f1tenth_gym_ros/package.ps1'
[0.989s] INFO:colcon.colcon_core.shell:Creating package descriptor '/home/austin/Documents/f1tenth/sim_ws/src/install/f1tenth_gym_ros/share/f1tenth_gym_ros/package.dsv'
[0.990s] INFO:colcon.colcon_core.shell:Creating package script '/home/austin/Documents/f1tenth/sim_ws/src/install/f1tenth_gym_ros/share/f1tenth_gym_ros/package.sh'
[0.991s] INFO:colcon.colcon_core.shell:Creating package script '/home/austin/Documents/f1tenth/sim_ws/src/install/f1tenth_gym_ros/share/f1tenth_gym_ros/package.bash'
[0.991s] INFO:colcon.colcon_core.shell:Creating package script '/home/austin/Documents/f1tenth/sim_ws/src/install/f1tenth_gym_ros/share/f1tenth_gym_ros/package.zsh'
[0.992s] Level 1:colcon.colcon_core.environment:create_file_with_runtime_dependencies(/home/austin/Documents/f1tenth/sim_ws/src/install/f1tenth_gym_ros/share/colcon-core/packages/f1tenth_gym_ros)
[2.108s] DEBUG:colcon.colcon_core.event_handler.log_command:Invoked command in '/home/austin/Documents/f1tenth/sim_ws/src/build/safety_node' returned '0': CMAKE_PREFIX_PATH=/opt/ros/humble CONDA_PROMPT_MODIFIER=(base) /usr/bin/cmake /home/austin/Documents/f1tenth/sim_ws/src/safety_node -DCMAKE_INSTALL_PREFIX=/home/austin/Documents/f1tenth/sim_ws/src/install/safety_node
[2.109s] DEBUG:colcon.colcon_core.event_handler.log_command:Invoking command in '/home/austin/Documents/f1tenth/sim_ws/src/build/safety_node': CMAKE_PREFIX_PATH=/opt/ros/humble CONDA_PROMPT_MODIFIER=(base) /usr/bin/cmake --build /home/austin/Documents/f1tenth/sim_ws/src/build/safety_node -- -j16 -l16
[2.110s] DEBUG:colcon.colcon_core.event_handler.log_command:Invoked command in '/home/austin/Documents/f1tenth/sim_ws/src/build/wall_follow' returned '0': CMAKE_PREFIX_PATH=/opt/ros/humble CONDA_PROMPT_MODIFIER=(base) /usr/bin/cmake /home/austin/Documents/f1tenth/sim_ws/src/wall_follow -DCMAKE_INSTALL_PREFIX=/home/austin/Documents/f1tenth/sim_ws/src/install/wall_follow
[2.111s] DEBUG:colcon.colcon_core.event_handler.log_command:Invoking command in '/home/austin/Documents/f1tenth/sim_ws/src/build/wall_follow': CMAKE_PREFIX_PATH=/opt/ros/humble CONDA_PROMPT_MODIFIER=(base) /usr/bin/cmake --build /home/austin/Documents/f1tenth/sim_ws/src/build/wall_follow -- -j16 -l16
[4.365s] DEBUG:colcon.colcon_core.event_handler.log_command:Invoked command in '/home/austin/Documents/f1tenth/sim_ws/src/build/safety_node' returned '0': CMAKE_PREFIX_PATH=/opt/ros/humble CONDA_PROMPT_MODIFIER=(base) /usr/bin/cmake --build /home/austin/Documents/f1tenth/sim_ws/src/build/safety_node -- -j16 -l16
[4.373s] DEBUG:colcon.colcon_core.event_handler.log_command:Invoking command in '/home/austin/Documents/f1tenth/sim_ws/src/build/safety_node': CMAKE_PREFIX_PATH=/opt/ros/humble CONDA_PROMPT_MODIFIER=(base) /usr/bin/cmake --install /home/austin/Documents/f1tenth/sim_ws/src/build/safety_node
[4.374s] DEBUG:colcon.colcon_core.event_handler.log_command:Invoked command in '/home/austin/Documents/f1tenth/sim_ws/src/build/wall_follow' returned '0': CMAKE_PREFIX_PATH=/opt/ros/humble CONDA_PROMPT_MODIFIER=(base) /usr/bin/cmake --build /home/austin/Documents/f1tenth/sim_ws/src/build/wall_follow -- -j16 -l16
[4.375s] DEBUG:colcon.colcon_core.event_handler.log_command:Invoking command in '/home/austin/Documents/f1tenth/sim_ws/src/build/wall_follow': CMAKE_PREFIX_PATH=/opt/ros/humble CONDA_PROMPT_MODIFIER=(base) /usr/bin/cmake --install /home/austin/Documents/f1tenth/sim_ws/src/build/wall_follow
[4.412s] Level 1:colcon.colcon_core.environment:create_environment_scripts_only(safety_node)
[4.412s] Level 1:colcon.colcon_core.environment:checking '/home/austin/Documents/f1tenth/sim_ws/src/install/safety_node' for CMake module files
[4.413s] DEBUG:colcon.colcon_core.event_handler.log_command:Invoked command in '/home/austin/Documents/f1tenth/sim_ws/src/build/safety_node' returned '0': CMAKE_PREFIX_PATH=/opt/ros/humble CONDA_PROMPT_MODIFIER=(base) /usr/bin/cmake --install /home/austin/Documents/f1tenth/sim_ws/src/build/safety_node
[4.413s] Level 1:colcon.colcon_core.environment:checking '/home/austin/Documents/f1tenth/sim_ws/src/install/safety_node' for CMake config files
[4.413s] Level 1:colcon.colcon_core.shell:create_environment_hook('safety_node', 'cmake_prefix_path')
[4.414s] INFO:colcon.colcon_core.shell:Creating environment hook '/home/austin/Documents/f1tenth/sim_ws/src/install/safety_node/share/safety_node/hook/cmake_prefix_path.ps1'
[4.414s] INFO:colcon.colcon_core.shell:Creating environment descriptor '/home/austin/Documents/f1tenth/sim_ws/src/install/safety_node/share/safety_node/hook/cmake_prefix_path.dsv'
[4.414s] INFO:colcon.colcon_core.shell:Creating environment hook '/home/austin/Documents/f1tenth/sim_ws/src/install/safety_node/share/safety_node/hook/cmake_prefix_path.sh'
[4.414s] Level 1:colcon.colcon_core.environment:checking '/home/austin/Documents/f1tenth/sim_ws/src/install/safety_node/lib'
[4.415s] Level 1:colcon.colcon_core.environment:checking '/home/austin/Documents/f1tenth/sim_ws/src/install/safety_node/bin'
[4.415s] Level 1:colcon.colcon_core.environment:checking '/home/austin/Documents/f1tenth/sim_ws/src/install/safety_node/lib/pkgconfig/safety_node.pc'
[4.415s] Level 1:colcon.colcon_core.environment:checking '/home/austin/Documents/f1tenth/sim_ws/src/install/safety_node/lib/python3.10/site-packages'
[4.415s] Level 1:colcon.colcon_core.environment:checking '/home/austin/Documents/f1tenth/sim_ws/src/install/safety_node/bin'
[4.415s] INFO:colcon.colcon_core.shell:Creating package script '/home/austin/Documents/f1tenth/sim_ws/src/install/safety_node/share/safety_node/package.ps1'
[4.415s] INFO:colcon.colcon_core.shell:Creating package descriptor '/home/austin/Documents/f1tenth/sim_ws/src/install/safety_node/share/safety_node/package.dsv'
[4.416s] INFO:colcon.colcon_core.shell:Creating package script '/home/austin/Documents/f1tenth/sim_ws/src/install/safety_node/share/safety_node/package.sh'
[4.416s] INFO:colcon.colcon_core.shell:Creating package script '/home/austin/Documents/f1tenth/sim_ws/src/install/safety_node/share/safety_node/package.bash'
[4.416s] INFO:colcon.colcon_core.shell:Creating package script '/home/austin/Documents/f1tenth/sim_ws/src/install/safety_node/share/safety_node/package.zsh'
[4.416s] Level 1:colcon.colcon_core.environment:create_file_with_runtime_dependencies(/home/austin/Documents/f1tenth/sim_ws/src/install/safety_node/share/colcon-core/packages/safety_node)
[4.417s] Level 1:colcon.colcon_core.environment:create_environment_scripts_only(safety_node)
[4.417s] Level 1:colcon.colcon_core.environment:checking '/home/austin/Documents/f1tenth/sim_ws/src/install/safety_node' for CMake module files
[4.417s] Level 1:colcon.colcon_core.environment:checking '/home/austin/Documents/f1tenth/sim_ws/src/install/safety_node' for CMake config files
[4.417s] Level 1:colcon.colcon_core.shell:create_environment_hook('safety_node', 'cmake_prefix_path')
[4.417s] INFO:colcon.colcon_core.shell:Creating environment hook '/home/austin/Documents/f1tenth/sim_ws/src/install/safety_node/share/safety_node/hook/cmake_prefix_path.ps1'
[4.418s] INFO:colcon.colcon_core.shell:Creating environment descriptor '/home/austin/Documents/f1tenth/sim_ws/src/install/safety_node/share/safety_node/hook/cmake_prefix_path.dsv'
[4.418s] INFO:colcon.colcon_core.shell:Creating environment hook '/home/austin/Documents/f1tenth/sim_ws/src/install/safety_node/share/safety_node/hook/cmake_prefix_path.sh'
[4.418s] Level 1:colcon.colcon_core.environment:checking '/home/austin/Documents/f1tenth/sim_ws/src/install/safety_node/lib'
[4.418s] Level 1:colcon.colcon_core.environment:checking '/home/austin/Documents/f1tenth/sim_ws/src/install/safety_node/bin'
[4.418s] Level 1:colcon.colcon_core.environment:checking '/home/austin/Documents/f1tenth/sim_ws/src/install/safety_node/lib/pkgconfig/safety_node.pc'
[4.418s] Level 1:colcon.colcon_core.environment:checking '/home/austin/Documents/f1tenth/sim_ws/src/install/safety_node/lib/python3.10/site-packages'
[4.419s] Level 1:colcon.colcon_core.environment:checking '/home/austin/Documents/f1tenth/sim_ws/src/install/safety_node/bin'
[4.419s] INFO:colcon.colcon_core.shell:Creating package script '/home/austin/Documents/f1tenth/sim_ws/src/install/safety_node/share/safety_node/package.ps1'
[4.419s] INFO:colcon.colcon_core.shell:Creating package descriptor '/home/austin/Documents/f1tenth/sim_ws/src/install/safety_node/share/safety_node/package.dsv'
[4.419s] INFO:colcon.colcon_core.shell:Creating package script '/home/austin/Documents/f1tenth/sim_ws/src/install/safety_node/share/safety_node/package.sh'
[4.420s] INFO:colcon.colcon_core.shell:Creating package script '/home/austin/Documents/f1tenth/sim_ws/src/install/safety_node/share/safety_node/package.bash'
[4.420s] INFO:colcon.colcon_core.shell:Creating package script '/home/austin/Documents/f1tenth/sim_ws/src/install/safety_node/share/safety_node/package.zsh'
[4.420s] Level 1:colcon.colcon_core.environment:create_file_with_runtime_dependencies(/home/austin/Documents/f1tenth/sim_ws/src/install/safety_node/share/colcon-core/packages/safety_node)
[4.421s] Level 1:colcon.colcon_core.environment:create_environment_scripts_only(wall_follow)
[4.421s] Level 1:colcon.colcon_core.environment:checking '/home/austin/Documents/f1tenth/sim_ws/src/install/wall_follow' for CMake module files
[4.422s] DEBUG:colcon.colcon_core.event_handler.log_command:Invoked command in '/home/austin/Documents/f1tenth/sim_ws/src/build/wall_follow' returned '0': CMAKE_PREFIX_PATH=/opt/ros/humble CONDA_PROMPT_MODIFIER=(base) /usr/bin/cmake --install /home/austin/Documents/f1tenth/sim_ws/src/build/wall_follow
[4.422s] Level 1:colcon.colcon_core.environment:checking '/home/austin/Documents/f1tenth/sim_ws/src/install/wall_follow' for CMake config files
[4.422s] Level 1:colcon.colcon_core.shell:create_environment_hook('wall_follow', 'cmake_prefix_path')
[4.422s] INFO:colcon.colcon_core.shell:Creating environment hook '/home/austin/Documents/f1tenth/sim_ws/src/install/wall_follow/share/wall_follow/hook/cmake_prefix_path.ps1'
[4.422s] INFO:colcon.colcon_core.shell:Creating environment descriptor '/home/austin/Documents/f1tenth/sim_ws/src/install/wall_follow/share/wall_follow/hook/cmake_prefix_path.dsv'
[4.423s] INFO:colcon.colcon_core.shell:Creating environment hook '/home/austin/Documents/f1tenth/sim_ws/src/install/wall_follow/share/wall_follow/hook/cmake_prefix_path.sh'
[4.423s] Level 1:colcon.colcon_core.environment:checking '/home/austin/Documents/f1tenth/sim_ws/src/install/wall_follow/lib'
[4.423s] Level 1:colcon.colcon_core.environment:checking '/home/austin/Documents/f1tenth/sim_ws/src/install/wall_follow/bin'
[4.423s] Level 1:colcon.colcon_core.environment:checking '/home/austin/Documents/f1tenth/sim_ws/src/install/wall_follow/lib/pkgconfig/wall_follow.pc'
[4.423s] Level 1:colcon.colcon_core.environment:checking '/home/austin/Documents/f1tenth/sim_ws/src/install/wall_follow/lib/python3.10/site-packages'
[4.423s] Level 1:colcon.colcon_core.environment:checking '/home/austin/Documents/f1tenth/sim_ws/src/install/wall_follow/bin'
[4.423s] INFO:colcon.colcon_core.shell:Creating package script '/home/austin/Documents/f1tenth/sim_ws/src/install/wall_follow/share/wall_follow/package.ps1'
[4.424s] INFO:colcon.colcon_core.shell:Creating package descriptor '/home/austin/Documents/f1tenth/sim_ws/src/install/wall_follow/share/wall_follow/package.dsv'
[4.424s] INFO:colcon.colcon_core.shell:Creating package script '/home/austin/Documents/f1tenth/sim_ws/src/install/wall_follow/share/wall_follow/package.sh'
[4.424s] INFO:colcon.colcon_core.shell:Creating package script '/home/austin/Documents/f1tenth/sim_ws/src/install/wall_follow/share/wall_follow/package.bash'
[4.424s] INFO:colcon.colcon_core.shell:Creating package script '/home/austin/Documents/f1tenth/sim_ws/src/install/wall_follow/share/wall_follow/package.zsh'
[4.425s] Level 1:colcon.colcon_core.environment:create_file_with_runtime_dependencies(/home/austin/Documents/f1tenth/sim_ws/src/install/wall_follow/share/colcon-core/packages/wall_follow)
[4.425s] Level 1:colcon.colcon_core.environment:create_environment_scripts_only(wall_follow)
[4.425s] Level 1:colcon.colcon_core.environment:checking '/home/austin/Documents/f1tenth/sim_ws/src/install/wall_follow' for CMake module files
[4.426s] Level 1:colcon.colcon_core.environment:checking '/home/austin/Documents/f1tenth/sim_ws/src/install/wall_follow' for CMake config files
[4.426s] Level 1:colcon.colcon_core.shell:create_environment_hook('wall_follow', 'cmake_prefix_path')
[4.426s] INFO:colcon.colcon_core.shell:Creating environment hook '/home/austin/Documents/f1tenth/sim_ws/src/install/wall_follow/share/wall_follow/hook/cmake_prefix_path.ps1'
[4.426s] INFO:colcon.colcon_core.shell:Creating environment descriptor '/home/austin/Documents/f1tenth/sim_ws/src/install/wall_follow/share/wall_follow/hook/cmake_prefix_path.dsv'
[4.426s] INFO:colcon.colcon_core.shell:Creating environment hook '/home/austin/Documents/f1tenth/sim_ws/src/install/wall_follow/share/wall_follow/hook/cmake_prefix_path.sh'
[4.427s] Level 1:colcon.colcon_core.environment:checking '/home/austin/Documents/f1tenth/sim_ws/src/install/wall_follow/lib'
[4.427s] Level 1:colcon.colcon_core.environment:checking '/home/austin/Documents/f1tenth/sim_ws/src/install/wall_follow/bin'
[4.427s] Level 1:colcon.colcon_core.environment:checking '/home/austin/Documents/f1tenth/sim_ws/src/install/wall_follow/lib/pkgconfig/wall_follow.pc'
[4.427s] Level 1:colcon.colcon_core.environment:checking '/home/austin/Documents/f1tenth/sim_ws/src/install/wall_follow/lib/python3.10/site-packages'
[4.427s] Level 1:colcon.colcon_core.environment:checking '/home/austin/Documents/f1tenth/sim_ws/src/install/wall_follow/bin'
[4.427s] INFO:colcon.colcon_core.shell:Creating package script '/home/austin/Documents/f1tenth/sim_ws/src/install/wall_follow/share/wall_follow/package.ps1'
[4.428s] INFO:colcon.colcon_core.shell:Creating package descriptor '/home/austin/Documents/f1tenth/sim_ws/src/install/wall_follow/share/wall_follow/package.dsv'
[4.428s] INFO:colcon.colcon_core.shell:Creating package script '/home/austin/Documents/f1tenth/sim_ws/src/install/wall_follow/share/wall_follow/package.sh'
[4.428s] INFO:colcon.colcon_core.shell:Creating package script '/home/austin/Documents/f1tenth/sim_ws/src/install/wall_follow/share/wall_follow/package.bash'
[4.429s] INFO:colcon.colcon_core.shell:Creating package script '/home/austin/Documents/f1tenth/sim_ws/src/install/wall_follow/share/wall_follow/package.zsh'
[4.429s] Level 1:colcon.colcon_core.environment:create_file_with_runtime_dependencies(/home/austin/Documents/f1tenth/sim_ws/src/install/wall_follow/share/colcon-core/packages/wall_follow)
[4.429s] DEBUG:colcon.colcon_parallel_executor.executor.parallel:closing loop
[4.429s] DEBUG:colcon.colcon_parallel_executor.executor.parallel:loop closed
[4.429s] DEBUG:colcon.colcon_parallel_executor.executor.parallel:run_until_complete finished with '0'
[4.430s] DEBUG:colcon.colcon_core.event_reactor:joining thread
[4.435s] INFO:colcon.colcon_core.plugin_system:Skipping extension 'colcon_notification.desktop_notification.terminal_notifier': Not used on non-Darwin systems
[4.435s] INFO:colcon.colcon_core.plugin_system:Skipping extension 'colcon_notification.desktop_notification.win32': Not used on non-Windows systems
[4.435s] INFO:colcon.colcon_notification.desktop_notification:Sending desktop notification using 'notify2'
[4.454s] DEBUG:colcon.colcon_core.event_reactor:joined thread
[4.454s] INFO:colcon.colcon_core.shell:Creating prefix script '/home/austin/Documents/f1tenth/sim_ws/src/install/local_setup.ps1'
[4.455s] INFO:colcon.colcon_core.shell:Creating prefix util module '/home/austin/Documents/f1tenth/sim_ws/src/install/_local_setup_util_ps1.py'
[4.457s] INFO:colcon.colcon_core.shell:Creating prefix chain script '/home/austin/Documents/f1tenth/sim_ws/src/install/setup.ps1'
[4.459s] INFO:colcon.colcon_core.shell:Creating prefix script '/home/austin/Documents/f1tenth/sim_ws/src/install/local_setup.sh'
[4.459s] INFO:colcon.colcon_core.shell:Creating prefix util module '/home/austin/Documents/f1tenth/sim_ws/src/install/_local_setup_util_sh.py'
[4.460s] INFO:colcon.colcon_core.shell:Creating prefix chain script '/home/austin/Documents/f1tenth/sim_ws/src/install/setup.sh'
[4.461s] INFO:colcon.colcon_core.shell:Creating prefix script '/home/austin/Documents/f1tenth/sim_ws/src/install/local_setup.bash'
[4.462s] INFO:colcon.colcon_core.shell:Creating prefix chain script '/home/austin/Documents/f1tenth/sim_ws/src/install/setup.bash'
[4.463s] INFO:colcon.colcon_core.shell:Creating prefix script '/home/austin/Documents/f1tenth/sim_ws/src/install/local_setup.zsh'
[4.463s] INFO:colcon.colcon_core.shell:Creating prefix chain script '/home/austin/Documents/f1tenth/sim_ws/src/install/setup.zsh'
