-- The C compiler identification is GNU 11.4.0
-- The CXX compiler identification is GNU 11.4.0
-- Detecting C compiler ABI info
-- Detecting C compiler ABI info - done
-- Check for working C compiler: /usr/bin/cc - skipped
-- Detecting C compile features
-- Detecting C compile features - done
-- Detecting CXX compiler ABI info
-- Detecting CXX compiler ABI info - done
-- Check for working CXX compiler: /usr/bin/c++ - skipped
-- Detecting CXX compile features
-- Detecting CXX compile features - done
-- Found ament_cmake: 1.3.7 (/opt/ros/humble/share/ament_cmake/cmake)
-- Found Python3: /usr/bin/python3.10 (found version "3.10.12") found components: Interpreter 
-- Found rclcpp: 16.0.8 (/opt/ros/humble/share/rclcpp/cmake)
-- Found rosidl_generator_c: 3.1.5 (/opt/ros/humble/share/rosidl_generator_c/cmake)
-- Found rosidl_adapter: 3.1.5 (/opt/ros/humble/share/rosidl_adapter/cmake)
-- Found rosidl_generator_cpp: 3.1.5 (/opt/ros/humble/share/rosidl_generator_cpp/cmake)
-- Using all available rosidl_typesupport_c: rosidl_typesupport_fastrtps_c;rosidl_typesupport_introspection_c
-- Using all available rosidl_typesupport_cpp: rosidl_typesupport_fastrtps_cpp;rosidl_typesupport_introspection_cpp
-- Found rmw_implementation_cmake: 6.1.1 (/opt/ros/humble/share/rmw_implementation_cmake/cmake)
-- Found rmw_fastrtps_cpp: 6.2.6 (/opt/ros/humble/share/rmw_fastrtps_cpp/cmake)
-- Found OpenSSL: /usr/lib/x86_64-linux-gnu/libcrypto.so (found version "3.0.2")  
-- Found FastRTPS: /opt/ros/humble/include  
-- Using RMW implementation 'rmw_fastrtps_cpp' as default
-- Looking for pthread.h
-- Looking for pthread.h - found
-- Performing Test CMAKE_HAVE_LIBC_PTHREAD
-- Performing Test CMAKE_HAVE_LIBC_PTHREAD - Success
-- Found Threads: TRUE  
-- Found rclpy: 3.3.11 (/opt/ros/humble/share/rclpy/cmake)
-- Found geometry_msgs: 4.2.3 (/opt/ros/humble/share/geometry_msgs/cmake)
-- Found nav_msgs: 4.2.3 (/opt/ros/humble/share/nav_msgs/cmake)
-- Found ackermann_msgs: 2.0.2 (/opt/ros/humble/share/ackermann_msgs/cmake)
-- Found sensor_msgs: 4.2.3 (/opt/ros/humble/share/sensor_msgs/cmake)
-- Found ament_lint_auto: 0.12.10 (/opt/ros/humble/share/ament_lint_auto/cmake)
-- Added test 'copyright' to check source files copyright and LICENSE
-- Added test 'cppcheck' to perform static code analysis on C / C++ code
-- Configured cppcheck include dirs: /home/austin/Documents/f1tenth/sim_ws/src/wall_follow/include
-- Configured cppcheck exclude dirs and/or files: 
-- Added test 'cpplint' to check C / C++ code against the Google style
-- Configured cpplint exclude dirs and/or files: 
-- Added test 'flake8' to check Python code syntax and style conventions
-- Added test 'lint_cmake' to check CMake code style
-- Added test 'pep257' to check Python code against some of the docstring style conventions in PEP 257
-- Added test 'uncrustify' to check C / C++ code style
-- Configured uncrustify additional arguments: 
-- Added test 'xmllint' to check XML markup files
-- Configuring done
-- Generating done
-- Build files have been written to: /home/austin/Documents/f1tenth/sim_ws/src/build/wall_follow
[ 50%] [32mBuilding CXX object CMakeFiles/wall_follow_node.dir/src/wall_follow_node.cpp.o[0m
[ 50%] Built target ament_cmake_python_copy_wall_follow_setup
[ 50%] Built target ament_cmake_python_copy_wall_follow
running egg_info
creating wall_follow.egg-info
writing wall_follow.egg-info/PKG-INFO
writing dependency_links to wall_follow.egg-info/dependency_links.txt
writing top-level names to wall_follow.egg-info/top_level.txt
writing manifest file 'wall_follow.egg-info/SOURCES.txt'
reading manifest file 'wall_follow.egg-info/SOURCES.txt'
writing manifest file 'wall_follow.egg-info/SOURCES.txt'
[ 50%] Built target ament_cmake_python_build_wall_follow_egg
[100%] [32m[1mLinking CXX executable wall_follow_node[0m
[100%] Built target wall_follow_node
-- Install configuration: ""
-- Installing: /home/austin/Documents/f1tenth/sim_ws/src/install/wall_follow/lib/wall_follow/wall_follow_node
-- Set runtime path of "/home/austin/Documents/f1tenth/sim_ws/src/install/wall_follow/lib/wall_follow/wall_follow_node" to ""
-- Installing: /home/austin/Documents/f1tenth/sim_ws/src/install/wall_follow/share/wall_follow/environment/pythonpath.sh
-- Installing: /home/austin/Documents/f1tenth/sim_ws/src/install/wall_follow/share/wall_follow/environment/pythonpath.dsv
-- Installing: /home/austin/Documents/f1tenth/sim_ws/src/install/wall_follow/local/lib/python3.10/dist-packages/wall_follow-0.0.0-py3.10.egg-info
-- Installing: /home/austin/Documents/f1tenth/sim_ws/src/install/wall_follow/local/lib/python3.10/dist-packages/wall_follow-0.0.0-py3.10.egg-info/SOURCES.txt
-- Installing: /home/austin/Documents/f1tenth/sim_ws/src/install/wall_follow/local/lib/python3.10/dist-packages/wall_follow-0.0.0-py3.10.egg-info/dependency_links.txt
-- Installing: /home/austin/Documents/f1tenth/sim_ws/src/install/wall_follow/local/lib/python3.10/dist-packages/wall_follow-0.0.0-py3.10.egg-info/top_level.txt
-- Installing: /home/austin/Documents/f1tenth/sim_ws/src/install/wall_follow/local/lib/python3.10/dist-packages/wall_follow-0.0.0-py3.10.egg-info/PKG-INFO
-- Installing: /home/austin/Documents/f1tenth/sim_ws/src/install/wall_follow/local/lib/python3.10/dist-packages/wall_follow
-- Installing: /home/austin/Documents/f1tenth/sim_ws/src/install/wall_follow/local/lib/python3.10/dist-packages/wall_follow/__init__.py
Listing '/home/austin/Documents/f1tenth/sim_ws/src/install/wall_follow/local/lib/python3.10/dist-packages/wall_follow'...
Compiling '/home/austin/Documents/f1tenth/sim_ws/src/install/wall_follow/local/lib/python3.10/dist-packages/wall_follow/__init__.py'...
-- Installing: /home/austin/Documents/f1tenth/sim_ws/src/install/wall_follow/lib/wall_follow/wall_follow_node.py
-- Installing: /home/austin/Documents/f1tenth/sim_ws/src/install/wall_follow/share/ament_index/resource_index/package_run_dependencies/wall_follow
-- Installing: /home/austin/Documents/f1tenth/sim_ws/src/install/wall_follow/share/ament_index/resource_index/parent_prefix_path/wall_follow
-- Installing: /home/austin/Documents/f1tenth/sim_ws/src/install/wall_follow/share/wall_follow/environment/ament_prefix_path.sh
-- Installing: /home/austin/Documents/f1tenth/sim_ws/src/install/wall_follow/share/wall_follow/environment/ament_prefix_path.dsv
-- Installing: /home/austin/Documents/f1tenth/sim_ws/src/install/wall_follow/share/wall_follow/environment/path.sh
-- Installing: /home/austin/Documents/f1tenth/sim_ws/src/install/wall_follow/share/wall_follow/environment/path.dsv
-- Installing: /home/austin/Documents/f1tenth/sim_ws/src/install/wall_follow/share/wall_follow/local_setup.bash
-- Installing: /home/austin/Documents/f1tenth/sim_ws/src/install/wall_follow/share/wall_follow/local_setup.sh
-- Installing: /home/austin/Documents/f1tenth/sim_ws/src/install/wall_follow/share/wall_follow/local_setup.zsh
-- Installing: /home/austin/Documents/f1tenth/sim_ws/src/install/wall_follow/share/wall_follow/local_setup.dsv
-- Installing: /home/austin/Documents/f1tenth/sim_ws/src/install/wall_follow/share/wall_follow/package.dsv
-- Installing: /home/austin/Documents/f1tenth/sim_ws/src/install/wall_follow/share/ament_index/resource_index/packages/wall_follow
-- Installing: /home/austin/Documents/f1tenth/sim_ws/src/install/wall_follow/share/wall_follow/cmake/wall_followConfig.cmake
-- Installing: /home/austin/Documents/f1tenth/sim_ws/src/install/wall_follow/share/wall_follow/cmake/wall_followConfig-version.cmake
-- Installing: /home/austin/Documents/f1tenth/sim_ws/src/install/wall_follow/share/wall_follow/package.xml
