[0.464s] Invoking command in '/home/austin/Documents/f1tenth/sim_ws/src/f1tenth_gym_ros': CONDA_PROMPT_MODIFIER=(base) PYTHONPATH=/home/austin/Documents/f1tenth/sim_ws/src/build/f1tenth_gym_ros/prefix_override:/usr/lib/python3/dist-packages/colcon_core/task/python/colcon_distutils_commands:/home/austin/Documents/f1tenth/sim_ws/src/install/f1tenth_gym_ros/lib/python3.10/site-packages:${PYTHONPATH} /usr/bin/python3 -W ignore:setup.py install is deprecated -W ignore:easy_install command is deprecated setup.py egg_info --egg-base ../build/f1tenth_gym_ros build --build-base /home/austin/Documents/f1tenth/sim_ws/src/build/f1tenth_gym_ros/build install --record /home/austin/Documents/f1tenth/sim_ws/src/build/f1tenth_gym_ros/install.log --install-scripts $base/lib/f1tenth_gym_ros --single-version-externally-managed install_data
[0.625s] /usr/lib/python3/dist-packages/setuptools/dist.py:723: UserWarning: Usage of dash-separated 'script-dir' will not be supported in future versions. Please use the underscore name 'script_dir' instead
[0.625s]   warnings.warn(
[0.632s] running egg_info
[0.632s] creating ../build/f1tenth_gym_ros/f1tenth_gym_ros.egg-info
[0.632s] writing ../build/f1tenth_gym_ros/f1tenth_gym_ros.egg-info/PKG-INFO
[0.633s] writing dependency_links to ../build/f1tenth_gym_ros/f1tenth_gym_ros.egg-info/dependency_links.txt
[0.633s] writing entry points to ../build/f1tenth_gym_ros/f1tenth_gym_ros.egg-info/entry_points.txt
[0.633s] writing requirements to ../build/f1tenth_gym_ros/f1tenth_gym_ros.egg-info/requires.txt
[0.633s] writing top-level names to ../build/f1tenth_gym_ros/f1tenth_gym_ros.egg-info/top_level.txt
[0.633s] writing manifest file '../build/f1tenth_gym_ros/f1tenth_gym_ros.egg-info/SOURCES.txt'
[0.635s] reading manifest file '../build/f1tenth_gym_ros/f1tenth_gym_ros.egg-info/SOURCES.txt'
[0.635s] adding license file 'LICENSE'
[0.636s] writing manifest file '../build/f1tenth_gym_ros/f1tenth_gym_ros.egg-info/SOURCES.txt'
[0.636s] running build
[0.636s] running build_py
[0.636s] creating /home/austin/Documents/f1tenth/sim_ws/src/build/f1tenth_gym_ros/build
[0.636s] creating /home/austin/Documents/f1tenth/sim_ws/src/build/f1tenth_gym_ros/build/lib
[0.636s] creating /home/austin/Documents/f1tenth/sim_ws/src/build/f1tenth_gym_ros/build/lib/f1tenth_gym_ros
[0.636s] copying f1tenth_gym_ros/gym_bridge.py -> /home/austin/Documents/f1tenth/sim_ws/src/build/f1tenth_gym_ros/build/lib/f1tenth_gym_ros
[0.636s] copying f1tenth_gym_ros/__init__.py -> /home/austin/Documents/f1tenth/sim_ws/src/build/f1tenth_gym_ros/build/lib/f1tenth_gym_ros
[0.637s] running install
[0.637s] running install_lib
[0.638s] creating /home/austin/Documents/f1tenth/sim_ws/src/install/f1tenth_gym_ros/lib/python3.10/site-packages/f1tenth_gym_ros
[0.638s] copying /home/austin/Documents/f1tenth/sim_ws/src/build/f1tenth_gym_ros/build/lib/f1tenth_gym_ros/gym_bridge.py -> /home/austin/Documents/f1tenth/sim_ws/src/install/f1tenth_gym_ros/lib/python3.10/site-packages/f1tenth_gym_ros
[0.638s] copying /home/austin/Documents/f1tenth/sim_ws/src/build/f1tenth_gym_ros/build/lib/f1tenth_gym_ros/__init__.py -> /home/austin/Documents/f1tenth/sim_ws/src/install/f1tenth_gym_ros/lib/python3.10/site-packages/f1tenth_gym_ros
[0.638s] byte-compiling /home/austin/Documents/f1tenth/sim_ws/src/install/f1tenth_gym_ros/lib/python3.10/site-packages/f1tenth_gym_ros/gym_bridge.py to gym_bridge.cpython-310.pyc
[0.641s] byte-compiling /home/austin/Documents/f1tenth/sim_ws/src/install/f1tenth_gym_ros/lib/python3.10/site-packages/f1tenth_gym_ros/__init__.py to __init__.cpython-310.pyc
[0.641s] running install_data
[0.641s] creating /home/austin/Documents/f1tenth/sim_ws/src/install/f1tenth_gym_ros/share/ament_index
[0.641s] creating /home/austin/Documents/f1tenth/sim_ws/src/install/f1tenth_gym_ros/share/ament_index/resource_index
[0.641s] creating /home/austin/Documents/f1tenth/sim_ws/src/install/f1tenth_gym_ros/share/ament_index/resource_index/packages
[0.641s] copying resource/f1tenth_gym_ros -> /home/austin/Documents/f1tenth/sim_ws/src/install/f1tenth_gym_ros/share/ament_index/resource_index/packages
[0.641s] copying package.xml -> /home/austin/Documents/f1tenth/sim_ws/src/install/f1tenth_gym_ros/share/f1tenth_gym_ros
[0.641s] creating /home/austin/Documents/f1tenth/sim_ws/src/install/f1tenth_gym_ros/share/f1tenth_gym_ros/launch
[0.641s] copying launch/gym_bridge_launch.py -> /home/austin/Documents/f1tenth/sim_ws/src/install/f1tenth_gym_ros/share/f1tenth_gym_ros/launch
[0.641s] copying launch/ego_racecar.xacro -> /home/austin/Documents/f1tenth/sim_ws/src/install/f1tenth_gym_ros/share/f1tenth_gym_ros/launch
[0.641s] copying launch/opp_racecar.xacro -> /home/austin/Documents/f1tenth/sim_ws/src/install/f1tenth_gym_ros/share/f1tenth_gym_ros/launch
[0.641s] copying launch/gym_bridge.rviz -> /home/austin/Documents/f1tenth/sim_ws/src/install/f1tenth_gym_ros/share/f1tenth_gym_ros/launch
[0.641s] creating /home/austin/Documents/f1tenth/sim_ws/src/install/f1tenth_gym_ros/share/f1tenth_gym_ros/config
[0.642s] copying config/sim.yaml -> /home/austin/Documents/f1tenth/sim_ws/src/install/f1tenth_gym_ros/share/f1tenth_gym_ros/config
[0.642s] running install_egg_info
[0.644s] Copying ../build/f1tenth_gym_ros/f1tenth_gym_ros.egg-info to /home/austin/Documents/f1tenth/sim_ws/src/install/f1tenth_gym_ros/lib/python3.10/site-packages/f1tenth_gym_ros-0.0.0-py3.10.egg-info
[0.644s] running install_scripts
[0.666s] Installing gym_bridge script to /home/austin/Documents/f1tenth/sim_ws/src/install/f1tenth_gym_ros/lib/f1tenth_gym_ros
[0.666s] writing list of installed files to '/home/austin/Documents/f1tenth/sim_ws/src/build/f1tenth_gym_ros/install.log'
[0.685s] Invoked command in '/home/austin/Documents/f1tenth/sim_ws/src/f1tenth_gym_ros' returned '0': CONDA_PROMPT_MODIFIER=(base) PYTHONPATH=/home/austin/Documents/f1tenth/sim_ws/src/build/f1tenth_gym_ros/prefix_override:/usr/lib/python3/dist-packages/colcon_core/task/python/colcon_distutils_commands:/home/austin/Documents/f1tenth/sim_ws/src/install/f1tenth_gym_ros/lib/python3.10/site-packages:${PYTHONPATH} /usr/bin/python3 -W ignore:setup.py install is deprecated -W ignore:easy_install command is deprecated setup.py egg_info --egg-base ../build/f1tenth_gym_ros build --build-base /home/austin/Documents/f1tenth/sim_ws/src/build/f1tenth_gym_ros/build install --record /home/austin/Documents/f1tenth/sim_ws/src/build/f1tenth_gym_ros/install.log --install-scripts $base/lib/f1tenth_gym_ros --single-version-externally-managed install_data
