[0.178s] Invoking command in '/home/austin/Documents/f1tenth/sim_ws/src/build/safety_node': CMAKE_PREFIX_PATH=/opt/ros/humble CONDA_PROMPT_MODIFIER=(base) /usr/bin/cmake /home/austin/Documents/f1tenth/sim_ws/src/safety_node -DCMAKE_INSTALL_PREFIX=/home/austin/Documents/f1tenth/sim_ws/src/install/safety_node
[0.314s] -- The C compiler identification is GNU 11.4.0
[0.403s] -- The CXX compiler identification is GNU 11.4.0
[0.413s] -- Detecting C compiler ABI info
[0.480s] -- Detecting C compiler ABI info - done
[0.486s] -- Check for working C compiler: /usr/bin/cc - skipped
[0.487s] -- Detecting C compile features
[0.488s] -- Detecting C compile features - done
[0.491s] -- Detecting CXX compiler ABI info
[0.563s] -- Detecting CXX compiler ABI info - done
[0.568s] -- Check for working CXX compiler: /usr/bin/c++ - skipped
[0.569s] -- Detecting CXX compile features
[0.569s] -- Detecting CXX compile features - done
[0.575s] -- Found ament_cmake: 1.3.7 (/opt/ros/humble/share/ament_cmake/cmake)
[0.743s] -- Found Python3: /usr/bin/python3.10 (found version "3.10.12") found components: Interpreter 
[0.820s] -- Found rclcpp: 16.0.8 (/opt/ros/humble/share/rclcpp/cmake)
[0.864s] -- Found rosidl_generator_c: 3.1.5 (/opt/ros/humble/share/rosidl_generator_c/cmake)
[0.868s] -- Found rosidl_adapter: 3.1.5 (/opt/ros/humble/share/rosidl_adapter/cmake)
[0.877s] -- Found rosidl_generator_cpp: 3.1.5 (/opt/ros/humble/share/rosidl_generator_cpp/cmake)
[0.890s] -- Using all available rosidl_typesupport_c: rosidl_typesupport_fastrtps_c;rosidl_typesupport_introspection_c
[0.907s] -- Using all available rosidl_typesupport_cpp: rosidl_typesupport_fastrtps_cpp;rosidl_typesupport_introspection_cpp
[0.970s] -- Found rmw_implementation_cmake: 6.1.1 (/opt/ros/humble/share/rmw_implementation_cmake/cmake)
[0.973s] -- Found rmw_fastrtps_cpp: 6.2.6 (/opt/ros/humble/share/rmw_fastrtps_cpp/cmake)
[1.077s] -- Found OpenSSL: /usr/lib/x86_64-linux-gnu/libcrypto.so (found version "3.0.2")  
[1.099s] -- Found FastRTPS: /opt/ros/humble/include  
[1.139s] -- Using RMW implementation 'rmw_fastrtps_cpp' as default
[1.152s] -- Looking for pthread.h
[1.230s] -- Looking for pthread.h - found
[1.231s] -- Performing Test CMAKE_HAVE_LIBC_PTHREAD
[1.296s] -- Performing Test CMAKE_HAVE_LIBC_PTHREAD - Success
[1.298s] -- Found Threads: TRUE  
[1.433s] -- Found rclpy: 3.3.11 (/opt/ros/humble/share/rclpy/cmake)
[1.434s] -- Found nav_msgs: 4.2.3 (/opt/ros/humble/share/nav_msgs/cmake)
[1.534s] -- Found ackermann_msgs: 2.0.2 (/opt/ros/humble/share/ackermann_msgs/cmake)
[1.573s] -- Found sensor_msgs: 4.2.3 (/opt/ros/humble/share/sensor_msgs/cmake)
[1.713s] -- Found ament_lint_auto: 0.12.10 (/opt/ros/humble/share/ament_lint_auto/cmake)
[1.780s] -- Added test 'copyright' to check source files copyright and LICENSE
[1.781s] -- Added test 'cppcheck' to perform static code analysis on C / C++ code
[1.781s] -- Configured cppcheck include dirs: /home/austin/Documents/f1tenth/sim_ws/src/safety_node/include
[1.781s] -- Configured cppcheck exclude dirs and/or files: 
[1.782s] -- Added test 'cpplint' to check C / C++ code against the Google style
[1.782s] -- Configured cpplint exclude dirs and/or files: 
[1.782s] -- Added test 'flake8' to check Python code syntax and style conventions
[1.783s] -- Added test 'lint_cmake' to check CMake code style
[1.783s] -- Added test 'pep257' to check Python code against some of the docstring style conventions in PEP 257
[1.784s] -- Added test 'uncrustify' to check C / C++ code style
[1.784s] -- Configured uncrustify additional arguments: 
[1.784s] -- Added test 'xmllint' to check XML markup files
[1.786s] -- Configuring done
[1.795s] -- Generating done
[1.798s] -- Build files have been written to: /home/austin/Documents/f1tenth/sim_ws/src/build/safety_node
[1.805s] Invoked command in '/home/austin/Documents/f1tenth/sim_ws/src/build/safety_node' returned '0': CMAKE_PREFIX_PATH=/opt/ros/humble CONDA_PROMPT_MODIFIER=(base) /usr/bin/cmake /home/austin/Documents/f1tenth/sim_ws/src/safety_node -DCMAKE_INSTALL_PREFIX=/home/austin/Documents/f1tenth/sim_ws/src/install/safety_node
[1.806s] Invoking command in '/home/austin/Documents/f1tenth/sim_ws/src/build/safety_node': CMAKE_PREFIX_PATH=/opt/ros/humble CONDA_PROMPT_MODIFIER=(base) /usr/bin/cmake --build /home/austin/Documents/f1tenth/sim_ws/src/build/safety_node -- -j16 -l16
[1.861s] [ 50%] [32mBuilding CXX object CMakeFiles/safety_node.dir/src/safety_node.cpp.o[0m
[1.872s] [ 50%] Built target ament_cmake_python_copy_safety_node_setup
[1.876s] [ 50%] Built target ament_cmake_python_copy_safety_node
[2.060s] /usr/lib/python3/dist-packages/setuptools/dist.py:723: UserWarning: Usage of dash-separated 'script-dir' will not be supported in future versions. Please use the underscore name 'script_dir' instead
[2.060s]   warnings.warn(
[2.060s] /usr/lib/python3/dist-packages/setuptools/dist.py:723: UserWarning: Usage of dash-separated 'install-scripts' will not be supported in future versions. Please use the underscore name 'install_scripts' instead
[2.060s]   warnings.warn(
[2.065s] running egg_info
[2.065s] creating safety_node.egg-info
[2.065s] writing safety_node.egg-info/PKG-INFO
[2.066s] writing dependency_links to safety_node.egg-info/dependency_links.txt
[2.066s] writing top-level names to safety_node.egg-info/top_level.txt
[2.066s] writing manifest file 'safety_node.egg-info/SOURCES.txt'
[2.067s] reading manifest file 'safety_node.egg-info/SOURCES.txt'
[2.068s] writing manifest file 'safety_node.egg-info/SOURCES.txt'
[2.092s] [ 50%] Built target ament_cmake_python_build_safety_node_egg
[3.525s] [01m[K/home/austin/Documents/f1tenth/sim_ws/src/safety_node/src/safety_node.cpp:[m[K In member function ‘[01m[Kvoid Safety::drive_callback(nav_msgs::msg::Odometry_<std::allocator<void> >::ConstSharedPtr)[m[K’:
[3.525s] [01m[K/home/austin/Documents/f1tenth/sim_ws/src/safety_node/src/safety_node.cpp:33:71:[m[K [01;35m[Kwarning: [m[Kunused parameter ‘[01m[Kmsg[m[K’ [[01;35m[K]8;;https://gcc.gnu.org/onlinedocs/gcc/Warning-Options.html#index-Wunused-parameter-Wunused-parameter]8;;[m[K]
[3.525s]    33 |     void drive_callback([01;35m[Kconst nav_msgs::msg::Odometry::ConstSharedPtr msg[m[K)
[3.525s]       |                         [01;35m[K~~~~~~~~~~~~~~~~~~~~~~~~~~~~~~~~~~~~~~~~~~~~~~^~~[m[K
[3.525s] [01m[K/home/austin/Documents/f1tenth/sim_ws/src/safety_node/src/safety_node.cpp:[m[K In member function ‘[01m[Kvoid Safety::scan_callback(sensor_msgs::msg::LaserScan_<std::allocator<void> >::ConstSharedPtr)[m[K’:
[3.525s] [01m[K/home/austin/Documents/f1tenth/sim_ws/src/safety_node/src/safety_node.cpp:38:74:[m[K [01;35m[Kwarning: [m[Kunused parameter ‘[01m[Kscan_msg[m[K’ [[01;35m[K]8;;https://gcc.gnu.org/onlinedocs/gcc/Warning-Options.html#index-Wunused-parameter-Wunused-parameter]8;;[m[K]
[3.525s]    38 |     void scan_callback([01;35m[Kconst sensor_msgs::msg::LaserScan::ConstSharedPtr scan_msg[m[K)
[3.525s]       |                        [01;35m[K~~~~~~~~~~~~~~~~~~~~~~~~~~~~~~~~~~~~~~~~~~~~~~~~~~^~~~~~~~[m[K
[3.917s] [100%] [32m[1mLinking CXX executable safety_node[0m
[4.054s] [100%] Built target safety_node
[4.062s] Invoked command in '/home/austin/Documents/f1tenth/sim_ws/src/build/safety_node' returned '0': CMAKE_PREFIX_PATH=/opt/ros/humble CONDA_PROMPT_MODIFIER=(base) /usr/bin/cmake --build /home/austin/Documents/f1tenth/sim_ws/src/build/safety_node -- -j16 -l16
[4.069s] Invoking command in '/home/austin/Documents/f1tenth/sim_ws/src/build/safety_node': CMAKE_PREFIX_PATH=/opt/ros/humble CONDA_PROMPT_MODIFIER=(base) /usr/bin/cmake --install /home/austin/Documents/f1tenth/sim_ws/src/build/safety_node
[4.075s] -- Install configuration: ""
[4.075s] -- Installing: /home/austin/Documents/f1tenth/sim_ws/src/install/safety_node/lib/safety_node/safety_node
[4.075s] -- Set runtime path of "/home/austin/Documents/f1tenth/sim_ws/src/install/safety_node/lib/safety_node/safety_node" to ""
[4.075s] -- Installing: /home/austin/Documents/f1tenth/sim_ws/src/install/safety_node/share/safety_node/environment/pythonpath.sh
[4.075s] -- Installing: /home/austin/Documents/f1tenth/sim_ws/src/install/safety_node/share/safety_node/environment/pythonpath.dsv
[4.075s] -- Installing: /home/austin/Documents/f1tenth/sim_ws/src/install/safety_node/local/lib/python3.10/dist-packages/safety_node-0.0.0-py3.10.egg-info
[4.076s] -- Installing: /home/austin/Documents/f1tenth/sim_ws/src/install/safety_node/local/lib/python3.10/dist-packages/safety_node-0.0.0-py3.10.egg-info/SOURCES.txt
[4.076s] -- Installing: /home/austin/Documents/f1tenth/sim_ws/src/install/safety_node/local/lib/python3.10/dist-packages/safety_node-0.0.0-py3.10.egg-info/dependency_links.txt
[4.076s] -- Installing: /home/austin/Documents/f1tenth/sim_ws/src/install/safety_node/local/lib/python3.10/dist-packages/safety_node-0.0.0-py3.10.egg-info/top_level.txt
[4.076s] -- Installing: /home/austin/Documents/f1tenth/sim_ws/src/install/safety_node/local/lib/python3.10/dist-packages/safety_node-0.0.0-py3.10.egg-info/PKG-INFO
[4.076s] -- Installing: /home/austin/Documents/f1tenth/sim_ws/src/install/safety_node/local/lib/python3.10/dist-packages/safety_node
[4.076s] -- Installing: /home/austin/Documents/f1tenth/sim_ws/src/install/safety_node/local/lib/python3.10/dist-packages/safety_node/__init__.py
[4.102s] Listing '/home/austin/Documents/f1tenth/sim_ws/src/install/safety_node/local/lib/python3.10/dist-packages/safety_node'...
[4.103s] Compiling '/home/austin/Documents/f1tenth/sim_ws/src/install/safety_node/local/lib/python3.10/dist-packages/safety_node/__init__.py'...
[4.106s] -- Installing: /home/austin/Documents/f1tenth/sim_ws/src/install/safety_node/lib/safety_node/safety_node.py
[4.106s] -- Installing: /home/austin/Documents/f1tenth/sim_ws/src/install/safety_node/share/ament_index/resource_index/package_run_dependencies/safety_node
[4.106s] -- Installing: /home/austin/Documents/f1tenth/sim_ws/src/install/safety_node/share/ament_index/resource_index/parent_prefix_path/safety_node
[4.106s] -- Installing: /home/austin/Documents/f1tenth/sim_ws/src/install/safety_node/share/safety_node/environment/ament_prefix_path.sh
[4.106s] -- Installing: /home/austin/Documents/f1tenth/sim_ws/src/install/safety_node/share/safety_node/environment/ament_prefix_path.dsv
[4.106s] -- Installing: /home/austin/Documents/f1tenth/sim_ws/src/install/safety_node/share/safety_node/environment/path.sh
[4.106s] -- Installing: /home/austin/Documents/f1tenth/sim_ws/src/install/safety_node/share/safety_node/environment/path.dsv
[4.106s] -- Installing: /home/austin/Documents/f1tenth/sim_ws/src/install/safety_node/share/safety_node/local_setup.bash
[4.107s] -- Installing: /home/austin/Documents/f1tenth/sim_ws/src/install/safety_node/share/safety_node/local_setup.sh
[4.107s] -- Installing: /home/austin/Documents/f1tenth/sim_ws/src/install/safety_node/share/safety_node/local_setup.zsh
[4.107s] -- Installing: /home/austin/Documents/f1tenth/sim_ws/src/install/safety_node/share/safety_node/local_setup.dsv
[4.107s] -- Installing: /home/austin/Documents/f1tenth/sim_ws/src/install/safety_node/share/safety_node/package.dsv
[4.107s] -- Installing: /home/austin/Documents/f1tenth/sim_ws/src/install/safety_node/share/ament_index/resource_index/packages/safety_node
[4.107s] -- Installing: /home/austin/Documents/f1tenth/sim_ws/src/install/safety_node/share/safety_node/cmake/safety_nodeConfig.cmake
[4.107s] -- Installing: /home/austin/Documents/f1tenth/sim_ws/src/install/safety_node/share/safety_node/cmake/safety_nodeConfig-version.cmake
[4.107s] -- Installing: /home/austin/Documents/f1tenth/sim_ws/src/install/safety_node/share/safety_node/package.xml
[4.110s] Invoked command in '/home/austin/Documents/f1tenth/sim_ws/src/build/safety_node' returned '0': CMAKE_PREFIX_PATH=/opt/ros/humble CONDA_PROMPT_MODIFIER=(base) /usr/bin/cmake --install /home/austin/Documents/f1tenth/sim_ws/src/build/safety_node
